<?xml version="1.0" encoding="UTF-8"?>
<testsuite xmlns:xsi="http://www.w3.org/2001/XMLSchema-instance" xsi:noNamespaceSchemaLocation="https://maven.apache.org/surefire/maven-surefire-plugin/xsd/surefire-test-report.xsd" version="3.0.2" name="com.logifresh.transporte.service.TransporteServiceTest" time="3.822" tests="9" errors="0" skipped="0" failures="0">
  <properties>
[...]
</properties>
  <testcase name="obtenerPorId_WhenTransporteNotFound_ShouldThrowException" classname="com.logifresh.transporte.service.TransporteServiceTest" time="2.651"/>
  <testcase name="listarTodas_WhenEmpty_ShouldReturnEmptyList" classname="com.logifresh.transporte.service.TransporteServiceTest" time="0.326"/>
  <testcase name="obtenerPorId_WhenTransporteExists_ShouldReturnResponse" classname="com.logifresh.transporte.service.TransporteServiceTest" time="0.399"/>
  <testcase name="listarTodas_ShouldReturnAllTransportes" classname="com.logifresh.transporte.service.TransporteServiceTest" time="0.035"/>
  <testcase name="actualizarEstado_ShouldUpdateEstado" classname="com.logifresh.transporte.service.TransporteServiceTest" time="0.047"/>
  <testcase name="actualizarEstado_WithInvalidEstado_ShouldThrowException" classname="com.logifresh.transporte.service.TransporteServiceTest" time="0.035"/>
  <testcase name="actualizarEstado_ToEntregado_ShouldUpdateEstado" classname="com.logifresh.transporte.service.TransporteServiceTest" time="0.05"/>
  <testcase name="actualizarEstado_WhenTransporteNotFound_ShouldThrowException" classname="com.logifresh.transporte.service.TransporteServiceTest" time="0.028"/>
  <testcase name="asignar_ShouldReturnTransporteResponse" classname="com.logifresh.transporte.service.TransporteServiceTest" time="0.069"/>
</testsuite>