<?xml version="1.0" encoding="UTF-8"?>
<testsuite xmlns:xsi="http://www.w3.org/2001/XMLSchema-instance" xsi:noNamespaceSchemaLocation="https://maven.apache.org/surefire/maven-surefire-plugin/xsd/surefire-test-report.xsd" version="3.0.2" name="com.logifresh.pedidos.functional.PedidosFunctionalTest" time="19.802" tests="7" errors="0" skipped="0" failures="0">
  <properties>
[...]
</properties>
  <testcase name="registroCorrecto" classname="com.logifresh.pedidos.functional.PedidosFunctionalTest" time="3.408">
    <system-out><![CDATA[12:10:44.467 [main] INFO org.springframework.boot.test.context.SpringBootTestContextBootstrapper -- Found @SpringBootConfiguration com.logifresh.pedidos.PedidosApplication for test class com.logifresh.pedidos.functional.PedidosFunctionalTest
12:10:44.760 [main] INFO org.springframework.boot.devtools.restart.RestartApplicationListener -- Restart disabled due to context in which it is running

  .   ____          _            __ _ _
 /\\ / ___'_ __ _ _(_)_ __  __ _ \ \ \ \
( ( )\___ | '_ | '_| | '_ \/ _` | \ \ \ \
 \\/  ___)| |_)| | | | | || (_| |  ) ) ) )
  '  |____| .__|_| |_|_| |_\__, | / / / /
 =========|_|==============|___/=/_/_/_/

 :: Spring Boot ::                (v3.4.1)

2026-06-15 12:10:45.198 [main] INFO  c.l.p.f.PedidosFunctionalTest - Starting PedidosFunctionalTest using Java 21.0.8 with PID 12180 (started by hp in C:\Users\hp\Desktop\Evidencias\Semestre VII\Sistemas Distribuidos\Laboratorio\LAB personal\LAB 9\logifresh\pedidos-service)
2026-06-15 12:10:45.200 [main] INFO  c.l.p.f.PedidosFunctionalTest - The following 1 profile is active: "test"
2026-06-15 12:10:46.397 [main] INFO  o.s.d.r.c.RepositoryConfigurationDelegate - Bootstrapping Spring Data JPA repositories in DEFAULT mode.
2026-06-15 12:10:46.633 [main] INFO  o.s.d.r.c.RepositoryConfigurationDelegate - Finished Spring Data repository scanning in 221 ms. Found 1 JPA repository interface.
2026-06-15 12:10:47.207 [main] INFO  o.h.jpa.internal.util.LogHelper - HHH000204: Processing PersistenceUnitInfo [name: default]
2026-06-15 12:10:47.343 [main] INFO  org.hibernate.Version - HHH000412: Hibernate ORM core version 6.6.4.Final
2026-06-15 12:10:47.418 [main] INFO  o.h.c.i.RegionFactoryInitiator - HHH000026: Second-level cache disabled
2026-06-15 12:10:47.878 [main] INFO  o.s.o.j.p.SpringPersistenceUnitInfo - No LoadTimeWeaver setup: ignoring JPA class transformer
2026-06-15 12:10:47.919 [main] INFO  com.zaxxer.hikari.HikariDataSource - HikariPool-1 - Starting...
2026-06-15 12:10:48.158 [main] INFO  com.zaxxer.hikari.pool.HikariPool - HikariPool-1 - Added connection conn0: url=jdbc:h2:mem:logifresh_pedidos_test user=SA
2026-06-15 12:10:48.162 [main] INFO  com.zaxxer.hikari.HikariDataSource - HikariPool-1 - Start completed.
2026-06-15 12:10:48.214 [main] WARN  org.hibernate.orm.deprecation - HHH90000025: H2Dialect does not need to be specified explicitly using 'hibernate.dialect' (remove the property setting and it will be selected by default)
2026-06-15 12:10:48.250 [main] INFO  o.hibernate.orm.connections.pooling - HHH10001005: Database info:
	Database JDBC URL [Connecting through datasource 'HikariDataSource (HikariPool-1)']
	Database driver: undefined/unknown
	Database version: 2.3.232
	Autocommit mode: undefined/unknown
	Isolation level: undefined/unknown
	Minimum pool size: undefined/unknown
	Maximum pool size: undefined/unknown
2026-06-15 12:10:49.373 [main] INFO  o.h.e.t.j.p.i.JtaPlatformInitiator - HHH000489: No JTA platform available (set 'hibernate.transaction.jta.platform' to enable JTA platform integration)
2026-06-15 12:10:49.650 [main] INFO  o.s.o.j.LocalContainerEntityManagerFactoryBean - Initialized JPA EntityManagerFactory for persistence unit 'default'
2026-06-15 12:10:56.170 [main] WARN  o.s.b.a.o.j.JpaBaseConfiguration$JpaWebConfiguration - spring.jpa.open-in-view is enabled by default. Therefore, database queries may be performed during view rendering. Explicitly configure spring.jpa.open-in-view to disable this warning
2026-06-15 12:10:59.373 [main] INFO  o.s.b.t.m.w.SpringBootMockServletContext - Initializing Spring TestDispatcherServlet ''
2026-06-15 12:10:59.373 [main] INFO  o.s.t.w.s.TestDispatcherServlet - Initializing Servlet ''
2026-06-15 12:10:59.380 [main] INFO  o.s.t.w.s.TestDispatcherServlet - Completed initialization in 5 ms
2026-06-15 12:10:59.601 [main] INFO  c.l.p.f.PedidosFunctionalTest - Started PedidosFunctionalTest in 14.861 seconds (process running for 16.926)
]]></system-out>
    <system-err><![CDATA[Mockito is currently self-attaching to enable the inline-mock-maker. This will no longer work in future releases of the JDK. Please add Mockito as an agent to your build what is described in Mockito's documentation: https://javadoc.io/doc/org.mockito/mockito-core/latest/org/mockito/Mockito.html#0.3
WARNING: A Java agent has been loaded dynamically (C:\Users\hp\.m2\repository\net\bytebuddy\byte-buddy-agent\1.15.11\byte-buddy-agent-1.15.11.jar)
WARNING: If a serviceability tool is in use, please run with -XX:+EnableDynamicAgentLoading to hide this warning
WARNING: If a serviceability tool is not in use, please run with -Djdk.instrument.traceUsage for more information
WARNING: Dynamic loading of agents will be disallowed by default in a future release
]]></system-err>
  </testcase>
  <testcase name="cancelacionDePedido" classname="com.logifresh.pedidos.functional.PedidosFunctionalTest" time="0.215"/>
  <testcase name="pedidoConInventarioInsuficiente" classname="com.logifresh.pedidos.functional.PedidosFunctionalTest" time="0.093"/>
  <testcase name="pedidoConInventarioSuficiente" classname="com.logifresh.pedidos.functional.PedidosFunctionalTest" time="0.063"/>
  <testcase name="descuento10Porciento" classname="com.logifresh.pedidos.functional.PedidosFunctionalTest" time="0.042"/>
  <testcase name="procesarPedidoGeneraFactura" classname="com.logifresh.pedidos.functional.PedidosFunctionalTest" time="0.133">
    <system-out><![CDATA[2026-06-15 12:11:03.572 [main] INFO  c.l.p.service.OrquestacionService - === INICIO PROCESAMIENTO PEDIDO ===
2026-06-15 12:11:03.572 [main] INFO  c.l.p.service.OrquestacionService - Cliente: Procesado Test, Producto: 1, Cantidad: 10
2026-06-15 12:11:03.572 [main] INFO  c.l.p.service.OrquestacionService - [Paso 1/6] Consultando inventario para producto 1
2026-06-15 12:11:03.573 [main] INFO  c.l.p.service.OrquestacionService - [Paso 2/6] Descontando 10 unidades del producto 1
2026-06-15 12:11:03.575 [main] INFO  c.l.p.service.OrquestacionService - [Paso 3/6] Registrando pedido en base de datos
2026-06-15 12:11:03.590 [main] INFO  c.l.p.service.OrquestacionService - Pedido 5 registrado con estado CONFIRMADO
2026-06-15 12:11:03.592 [main] INFO  c.l.p.service.OrquestacionService - [Paso 4/6] Generando factura para pedido 5
2026-06-15 12:11:03.597 [main] INFO  c.l.p.service.OrquestacionService - Factura FAC-P5-1ade0c36 generada exitosamente (ID=5)
2026-06-15 12:11:03.599 [main] INFO  c.l.p.service.OrquestacionService - [Paso 5/6] Asignando transporte para pedido 5
2026-06-15 12:11:03.603 [main] INFO  c.l.p.service.OrquestacionService - Transporte asignado exitosamente (ID=5)
2026-06-15 12:11:03.604 [main] INFO  c.l.p.service.OrquestacionService - [Paso 6/6] Enviando notificacion para pedido 5
2026-06-15 12:11:03.609 [main] INFO  c.l.p.service.OrquestacionService - Notificacion enviada exitosamente (ID=1)
2026-06-15 12:11:03.609 [main] INFO  c.l.p.service.OrquestacionService - === PEDIDO 5 PROCESADO (Estado: PROCESADO) ===
]]></system-out>
  </testcase>
  <testcase name="descuento5Porciento" classname="com.logifresh.pedidos.functional.PedidosFunctionalTest" time="0.095"/>
</testsuite>