<?xml version="1.0" encoding="UTF-8"?>
<testsuite xmlns:xsi="http://www.w3.org/2001/XMLSchema-instance" xsi:noNamespaceSchemaLocation="https://maven.apache.org/surefire/maven-surefire-plugin/xsd/surefire-test-report.xsd" version="3.0.2" name="com.logifresh.pedidos.controller.PedidoControllerIntegrationTest" time="15.162" tests="14" errors="0" skipped="0" failures="0">
  <properties>
[...]
</properties>
  <testcase name="procesar_NotificacionFalla_DegradacionGraceful" classname="com.logifresh.pedidos.controller.PedidoControllerIntegrationTest" time="2.469">
    <system-out><![CDATA[21:39:49.200 [main] INFO org.springframework.test.context.support.AnnotationConfigContextLoaderUtils -- Could not detect default configuration classes for test class [com.logifresh.pedidos.controller.PedidoControllerIntegrationTest]: PedidoControllerIntegrationTest does not declare any static, non-private, non-final, nested classes annotated with @Configuration.
21:39:49.460 [main] INFO org.springframework.boot.test.context.SpringBootTestContextBootstrapper -- Found @SpringBootConfiguration com.logifresh.pedidos.PedidosApplication for test class com.logifresh.pedidos.controller.PedidoControllerIntegrationTest
21:39:51.100 [main] INFO org.springframework.boot.devtools.restart.RestartApplicationListener -- Restart disabled due to context in which it is running

  .   ____          _            __ _ _
 /\\ / ___'_ __ _ _(_)_ __  __ _ \ \ \ \
( ( )\___ | '_ | '_| | '_ \/ _` | \ \ \ \
 \\/  ___)| |_)| | | | | || (_| |  ) ) ) )
  '  |____| .__|_| |_|_| |_\__, | / / / /
 =========|_|==============|___/=/_/_/_/

 :: Spring Boot ::                (v3.4.1)

2026-06-15 21:39:51.524 [main] INFO  c.l.p.c.PedidoControllerIntegrationTest - Starting PedidoControllerIntegrationTest using Java 21.0.8 with PID 24448 (started by hp in C:\Users\hp\Desktop\Evidencias\Semestre VII\Sistemas Distribuidos\Laboratorio\LAB personal\LAB 9\logifresh\pedidos-service)
2026-06-15 21:39:51.525 [main] INFO  c.l.p.c.PedidoControllerIntegrationTest - The following 1 profile is active: "test"
2026-06-15 21:39:52.483 [main] INFO  o.s.d.r.c.RepositoryConfigurationDelegate - Bootstrapping Spring Data JPA repositories in DEFAULT mode.
2026-06-15 21:39:52.696 [main] INFO  o.s.d.r.c.RepositoryConfigurationDelegate - Finished Spring Data repository scanning in 198 ms. Found 1 JPA repository interface.
2026-06-15 21:39:53.436 [main] INFO  o.s.b.w.e.tomcat.TomcatWebServer - Tomcat initialized with port 0 (http)
2026-06-15 21:39:53.455 [main] INFO  o.a.catalina.core.StandardService - Starting service [Tomcat]
2026-06-15 21:39:53.456 [main] INFO  o.a.catalina.core.StandardEngine - Starting Servlet engine: [Apache Tomcat/10.1.34]
2026-06-15 21:39:53.524 [main] INFO  o.a.c.c.C.[Tomcat].[localhost].[/] - Initializing Spring embedded WebApplicationContext
2026-06-15 21:39:53.525 [main] INFO  o.s.b.w.s.c.ServletWebServerApplicationContext - Root WebApplicationContext: initialization completed in 1973 ms
2026-06-15 21:39:53.752 [main] INFO  o.h.jpa.internal.util.LogHelper - HHH000204: Processing PersistenceUnitInfo [name: default]
2026-06-15 21:39:53.883 [main] INFO  org.hibernate.Version - HHH000412: Hibernate ORM core version 6.6.4.Final
2026-06-15 21:39:53.934 [main] INFO  o.h.c.i.RegionFactoryInitiator - HHH000026: Second-level cache disabled
2026-06-15 21:39:54.264 [main] INFO  o.s.o.j.p.SpringPersistenceUnitInfo - No LoadTimeWeaver setup: ignoring JPA class transformer
2026-06-15 21:39:54.296 [main] INFO  com.zaxxer.hikari.HikariDataSource - HikariPool-1 - Starting...
2026-06-15 21:39:54.560 [main] INFO  com.zaxxer.hikari.pool.HikariPool - HikariPool-1 - Added connection conn0: url=jdbc:h2:mem:logifresh_pedidos_test user=SA
2026-06-15 21:39:54.562 [main] INFO  com.zaxxer.hikari.HikariDataSource - HikariPool-1 - Start completed.
2026-06-15 21:39:54.599 [main] WARN  org.hibernate.orm.deprecation - HHH90000025: H2Dialect does not need to be specified explicitly using 'hibernate.dialect' (remove the property setting and it will be selected by default)
2026-06-15 21:39:54.620 [main] INFO  o.hibernate.orm.connections.pooling - HHH10001005: Database info:
	Database JDBC URL [Connecting through datasource 'HikariDataSource (HikariPool-1)']
	Database driver: undefined/unknown
	Database version: 2.3.232
	Autocommit mode: undefined/unknown
	Isolation level: undefined/unknown
	Minimum pool size: undefined/unknown
	Maximum pool size: undefined/unknown
2026-06-15 21:39:55.584 [main] INFO  o.h.e.t.j.p.i.JtaPlatformInitiator - HHH000489: No JTA platform available (set 'hibernate.transaction.jta.platform' to enable JTA platform integration)
2026-06-15 21:39:55.631 [main] INFO  o.s.o.j.LocalContainerEntityManagerFactoryBean - Initialized JPA EntityManagerFactory for persistence unit 'default'
2026-06-15 21:39:56.409 [main] WARN  o.s.b.a.o.j.JpaBaseConfiguration$JpaWebConfiguration - spring.jpa.open-in-view is enabled by default. Therefore, database queries may be performed during view rendering. Explicitly configure spring.jpa.open-in-view to disable this warning
2026-06-15 21:39:56.916 [main] INFO  o.s.b.w.e.tomcat.TomcatWebServer - Tomcat started on port 50684 (http) with context path '/'
2026-06-15 21:39:56.925 [main] INFO  c.l.p.c.PedidoControllerIntegrationTest - Started PedidoControllerIntegrationTest in 5.837 seconds (process running for 9.055)
2026-06-15 21:39:58.214 [http-nio-auto-1-exec-1] INFO  o.a.c.c.C.[Tomcat].[localhost].[/] - Initializing Spring DispatcherServlet 'dispatcherServlet'
2026-06-15 21:39:58.214 [http-nio-auto-1-exec-1] INFO  o.s.web.servlet.DispatcherServlet - Initializing Servlet 'dispatcherServlet'
2026-06-15 21:39:58.216 [http-nio-auto-1-exec-1] INFO  o.s.web.servlet.DispatcherServlet - Completed initialization in 2 ms
2026-06-15 21:39:58.332 [http-nio-auto-1-exec-1] INFO  c.l.p.service.OrquestacionService - === INICIO PROCESAMIENTO PEDIDO ===
2026-06-15 21:39:58.333 [http-nio-auto-1-exec-1] INFO  c.l.p.service.OrquestacionService - Cliente: Degradado Notif, Producto: 1, Cantidad: 10
2026-06-15 21:39:58.333 [http-nio-auto-1-exec-1] INFO  c.l.p.service.OrquestacionService - [Paso 1/6] Consultando inventario para producto 1
2026-06-15 21:39:59.058 [http-nio-auto-1-exec-1] INFO  c.l.p.service.OrquestacionService - [Paso 2/6] Descontando 10 unidades del producto 1
2026-06-15 21:39:59.078 [http-nio-auto-1-exec-1] INFO  c.l.p.service.OrquestacionService - [Paso 3/6] Registrando pedido en base de datos
2026-06-15 21:39:59.123 [http-nio-auto-1-exec-1] INFO  c.l.p.service.OrquestacionService - Pedido 1 registrado con estado CONFIRMADO
2026-06-15 21:39:59.123 [http-nio-auto-1-exec-1] INFO  c.l.p.service.OrquestacionService - [Paso 4/6] Generando factura para pedido 1
2026-06-15 21:39:59.123 [http-nio-auto-1-exec-1] INFO  c.l.p.service.FacturacionClient - Generando factura para pedido 1 en facturacion-service
2026-06-15 21:39:59.134 [http-nio-auto-1-exec-1] INFO  c.l.p.service.OrquestacionService - Factura FAC-P1-7f74b14f generada exitosamente (ID=10)
2026-06-15 21:39:59.135 [http-nio-auto-1-exec-1] INFO  c.l.p.service.OrquestacionService - [Paso 5/6] Asignando transporte para pedido 1
2026-06-15 21:39:59.135 [http-nio-auto-1-exec-1] INFO  c.l.pedidos.service.TransporteClient - Asignando transporte para pedido 1 en transporte-service
2026-06-15 21:39:59.142 [http-nio-auto-1-exec-1] INFO  c.l.p.service.OrquestacionService - Transporte asignado exitosamente (ID=20)
2026-06-15 21:39:59.142 [http-nio-auto-1-exec-1] INFO  c.l.p.service.OrquestacionService - [Paso 6/6] Enviando notificacion para pedido 1
2026-06-15 21:39:59.143 [http-nio-auto-1-exec-1] INFO  c.l.p.service.NotificacionesClient - Enviando notificacion a Degradado Notif desde notificaciones-service
2026-06-15 21:39:59.165 [http-nio-auto-1-exec-1] WARN  c.l.p.service.NotificacionesClient - Error al enviar notificacion a Degradado Notif: 500 Internal Server Error from POST http://localhost:50683/api/notificaciones
2026-06-15 21:39:59.165 [http-nio-auto-1-exec-1] WARN  c.l.p.service.OrquestacionService - [ADVERTENCIA] Error al enviar notificacion para pedido 1: 500 Internal Server Error from POST http://localhost:50683/api/notificaciones
2026-06-15 21:39:59.166 [http-nio-auto-1-exec-1] WARN  c.l.p.service.OrquestacionService - El pedido 1 se proceso correctamente sin notificacion.
2026-06-15 21:39:59.166 [http-nio-auto-1-exec-1] INFO  c.l.p.service.OrquestacionService - === PEDIDO 1 PROCESADO (Estado: PROCESADO_SIN_NOTIFICACION) ===
]]></system-out>
    <system-err><![CDATA[Mockito is currently self-attaching to enable the inline-mock-maker. This will no longer work in future releases of the JDK. Please add Mockito as an agent to your build what is described in Mockito's documentation: https://javadoc.io/doc/org.mockito/mockito-core/latest/org/mockito/Mockito.html#0.3
WARNING: A Java agent has been loaded dynamically (C:\Users\hp\.m2\repository\net\bytebuddy\byte-buddy-agent\1.15.11\byte-buddy-agent-1.15.11.jar)
WARNING: If a serviceability tool is in use, please run with -XX:+EnableDynamicAgentLoading to hide this warning
WARNING: If a serviceability tool is not in use, please run with -Djdk.instrument.traceUsage for more information
WARNING: Dynamic loading of agents will be disallowed by default in a future release
]]></system-err>
  </testcase>
  <testcase name="cancelar_WhenNotFound_ShouldReturn404" classname="com.logifresh.pedidos.controller.PedidoControllerIntegrationTest" time="0.112"/>
  <testcase name="registrar_WithCantidad100_ShouldApply10Percent" classname="com.logifresh.pedidos.controller.PedidoControllerIntegrationTest" time="0.163"/>
  <testcase name="cancelar_ShouldReturn200" classname="com.logifresh.pedidos.controller.PedidoControllerIntegrationTest" time="0.184"/>
  <testcase name="registrar_WithInvalidData_ShouldReturn400" classname="com.logifresh.pedidos.controller.PedidoControllerIntegrationTest" time="0.067"/>
  <testcase name="listarTodos_ShouldReturn200" classname="com.logifresh.pedidos.controller.PedidoControllerIntegrationTest" time="0.278"/>
  <testcase name="registrar_ShouldReturn201" classname="com.logifresh.pedidos.controller.PedidoControllerIntegrationTest" time="0.072"/>
  <testcase name="procesar_TransporteFalla_DegradacionGraceful" classname="com.logifresh.pedidos.controller.PedidoControllerIntegrationTest" time="1.283">
    <system-out><![CDATA[2026-06-15 21:40:00.355 [http-nio-auto-1-exec-1] INFO  c.l.p.service.OrquestacionService - === INICIO PROCESAMIENTO PEDIDO ===
2026-06-15 21:40:00.355 [http-nio-auto-1-exec-1] INFO  c.l.p.service.OrquestacionService - Cliente: Degradado Test, Producto: 1, Cantidad: 10
2026-06-15 21:40:00.355 [http-nio-auto-1-exec-1] INFO  c.l.p.service.OrquestacionService - [Paso 1/6] Consultando inventario para producto 1
2026-06-15 21:40:00.380 [http-nio-auto-1-exec-1] INFO  c.l.p.service.OrquestacionService - [Paso 2/6] Descontando 10 unidades del producto 1
2026-06-15 21:40:00.702 [http-nio-auto-1-exec-1] INFO  c.l.p.service.OrquestacionService - [Paso 3/6] Registrando pedido en base de datos
2026-06-15 21:40:00.711 [http-nio-auto-1-exec-1] INFO  c.l.p.service.OrquestacionService - Pedido 7 registrado con estado CONFIRMADO
2026-06-15 21:40:00.711 [http-nio-auto-1-exec-1] INFO  c.l.p.service.OrquestacionService - [Paso 4/6] Generando factura para pedido 7
2026-06-15 21:40:00.711 [http-nio-auto-1-exec-1] INFO  c.l.p.service.FacturacionClient - Generando factura para pedido 7 en facturacion-service
2026-06-15 21:40:00.726 [http-nio-auto-1-exec-1] INFO  c.l.p.service.OrquestacionService - Factura FAC-P7-cd6040a0 generada exitosamente (ID=10)
2026-06-15 21:40:00.726 [http-nio-auto-1-exec-1] INFO  c.l.p.service.OrquestacionService - [Paso 5/6] Asignando transporte para pedido 7
2026-06-15 21:40:00.727 [http-nio-auto-1-exec-1] INFO  c.l.pedidos.service.TransporteClient - Asignando transporte para pedido 7 en transporte-service
2026-06-15 21:40:01.576 [http-nio-auto-1-exec-1] ERROR c.l.pedidos.service.TransporteClient - Error al asignar transporte para pedido 7: 500 Internal Server Error from POST http://localhost:50683/api/transporte
2026-06-15 21:40:01.576 [http-nio-auto-1-exec-1] ERROR c.l.p.service.OrquestacionService - [INCIDENTE] Error al asignar transporte para pedido 7: 500 Internal Server Error from POST http://localhost:50683/api/transporte
2026-06-15 21:40:01.576 [http-nio-auto-1-exec-1] WARN  c.l.p.service.OrquestacionService - El pedido 7 permanece CONFIRMADO. Se requiere asignacion manual de transporte.
2026-06-15 21:40:01.576 [http-nio-auto-1-exec-1] INFO  c.l.p.service.OrquestacionService - [Paso 6/6] Enviando notificacion para pedido 7
2026-06-15 21:40:01.576 [http-nio-auto-1-exec-1] INFO  c.l.p.service.NotificacionesClient - Enviando notificacion a Degradado Test desde notificaciones-service
2026-06-15 21:40:01.591 [http-nio-auto-1-exec-1] INFO  c.l.p.service.OrquestacionService - Notificacion enviada exitosamente (ID=30)
2026-06-15 21:40:01.592 [http-nio-auto-1-exec-1] INFO  c.l.p.service.OrquestacionService - === PEDIDO 7 PROCESADO (Estado: PROCESADO_SIN_TRANSPORTE) ===
]]></system-out>
  </testcase>
  <testcase name="procesar_TodosLosServiciosCaen_Error" classname="com.logifresh.pedidos.controller.PedidoControllerIntegrationTest" time="0.795">
    <system-out><![CDATA[2026-06-15 21:40:01.635 [http-nio-auto-1-exec-8] INFO  c.l.p.service.OrquestacionService - === INICIO PROCESAMIENTO PEDIDO ===
2026-06-15 21:40:01.636 [http-nio-auto-1-exec-8] INFO  c.l.p.service.OrquestacionService - Cliente: Fallo Total, Producto: 1, Cantidad: 10
2026-06-15 21:40:01.636 [http-nio-auto-1-exec-8] INFO  c.l.p.service.OrquestacionService - [Paso 1/6] Consultando inventario para producto 1
2026-06-15 21:40:01.647 [http-nio-auto-1-exec-8] INFO  c.l.p.service.OrquestacionService - [Paso 2/6] Descontando 10 unidades del producto 1
2026-06-15 21:40:01.660 [http-nio-auto-1-exec-8] INFO  c.l.p.service.OrquestacionService - [Paso 3/6] Registrando pedido en base de datos
2026-06-15 21:40:01.664 [http-nio-auto-1-exec-8] INFO  c.l.p.service.OrquestacionService - Pedido 8 registrado con estado CONFIRMADO
2026-06-15 21:40:01.664 [http-nio-auto-1-exec-8] INFO  c.l.p.service.OrquestacionService - [Paso 4/6] Generando factura para pedido 8
2026-06-15 21:40:01.664 [http-nio-auto-1-exec-8] INFO  c.l.p.service.FacturacionClient - Generando factura para pedido 8 en facturacion-service
2026-06-15 21:40:02.370 [http-nio-auto-1-exec-8] ERROR c.l.p.service.FacturacionClient - Error al generar factura para pedido 8: 500 Internal Server Error from POST http://localhost:50683/api/facturas
2026-06-15 21:40:02.370 [http-nio-auto-1-exec-8] ERROR c.l.p.service.OrquestacionService - [ROLLBACK] Error en facturacion para pedido 8: 500 Internal Server Error from POST http://localhost:50683/api/facturas
2026-06-15 21:40:02.371 [http-nio-auto-1-exec-8] INFO  c.l.p.service.OrquestacionService - Cancelando pedido 8 y restaurando stock de producto 1
2026-06-15 21:40:02.386 [http-nio-auto-1-exec-8] INFO  c.l.p.service.OrquestacionService - Rollback completado para pedido 8
]]></system-out>
  </testcase>
  <testcase name="procesar_FacturacionFalla_RealizaRollback" classname="com.logifresh.pedidos.controller.PedidoControllerIntegrationTest" time="1.12">
    <system-out><![CDATA[2026-06-15 21:40:02.477 [http-nio-auto-1-exec-2] INFO  c.l.p.service.OrquestacionService - === INICIO PROCESAMIENTO PEDIDO ===
2026-06-15 21:40:02.477 [http-nio-auto-1-exec-2] INFO  c.l.p.service.OrquestacionService - Cliente: Rollback Test, Producto: 1, Cantidad: 10
2026-06-15 21:40:02.478 [http-nio-auto-1-exec-2] INFO  c.l.p.service.OrquestacionService - [Paso 1/6] Consultando inventario para producto 1
2026-06-15 21:40:02.494 [http-nio-auto-1-exec-2] INFO  c.l.p.service.OrquestacionService - [Paso 2/6] Descontando 10 unidades del producto 1
2026-06-15 21:40:02.510 [http-nio-auto-1-exec-2] INFO  c.l.p.service.OrquestacionService - [Paso 3/6] Registrando pedido en base de datos
2026-06-15 21:40:02.514 [http-nio-auto-1-exec-2] INFO  c.l.p.service.OrquestacionService - Pedido 9 registrado con estado CONFIRMADO
2026-06-15 21:40:02.515 [http-nio-auto-1-exec-2] INFO  c.l.p.service.OrquestacionService - [Paso 4/6] Generando factura para pedido 9
2026-06-15 21:40:02.515 [http-nio-auto-1-exec-2] INFO  c.l.p.service.FacturacionClient - Generando factura para pedido 9 en facturacion-service
2026-06-15 21:40:03.496 [http-nio-auto-1-exec-2] ERROR c.l.p.service.FacturacionClient - Error al generar factura para pedido 9: 500 Internal Server Error from POST http://localhost:50683/api/facturas
2026-06-15 21:40:03.496 [http-nio-auto-1-exec-2] ERROR c.l.p.service.OrquestacionService - [ROLLBACK] Error en facturacion para pedido 9: 500 Internal Server Error from POST http://localhost:50683/api/facturas
2026-06-15 21:40:03.496 [http-nio-auto-1-exec-2] INFO  c.l.p.service.OrquestacionService - Cancelando pedido 9 y restaurando stock de producto 1
2026-06-15 21:40:03.507 [http-nio-auto-1-exec-2] INFO  c.l.p.service.OrquestacionService - Rollback completado para pedido 9
]]></system-out>
  </testcase>
  <testcase name="obtenerPorId_WhenNotFound_ShouldReturn404" classname="com.logifresh.pedidos.controller.PedidoControllerIntegrationTest" time="0.059"/>
  <testcase name="procesar_FlujoCompleto_ShouldReturn201" classname="com.logifresh.pedidos.controller.PedidoControllerIntegrationTest" time="0.144">
    <system-out><![CDATA[2026-06-15 21:40:03.623 [http-nio-auto-1-exec-4] INFO  c.l.p.service.OrquestacionService - === INICIO PROCESAMIENTO PEDIDO ===
2026-06-15 21:40:03.624 [http-nio-auto-1-exec-4] INFO  c.l.p.service.OrquestacionService - Cliente: Cliente Procesado, Producto: 1, Cantidad: 10
2026-06-15 21:40:03.624 [http-nio-auto-1-exec-4] INFO  c.l.p.service.OrquestacionService - [Paso 1/6] Consultando inventario para producto 1
2026-06-15 21:40:03.637 [http-nio-auto-1-exec-4] INFO  c.l.p.service.OrquestacionService - [Paso 2/6] Descontando 10 unidades del producto 1
2026-06-15 21:40:03.651 [http-nio-auto-1-exec-4] INFO  c.l.p.service.OrquestacionService - [Paso 3/6] Registrando pedido en base de datos
2026-06-15 21:40:03.654 [http-nio-auto-1-exec-4] INFO  c.l.p.service.OrquestacionService - Pedido 10 registrado con estado CONFIRMADO
2026-06-15 21:40:03.655 [http-nio-auto-1-exec-4] INFO  c.l.p.service.OrquestacionService - [Paso 4/6] Generando factura para pedido 10
2026-06-15 21:40:03.655 [http-nio-auto-1-exec-4] INFO  c.l.p.service.FacturacionClient - Generando factura para pedido 10 en facturacion-service
2026-06-15 21:40:03.668 [http-nio-auto-1-exec-4] INFO  c.l.p.service.OrquestacionService - Factura FAC-P10-70382ca3 generada exitosamente (ID=10)
2026-06-15 21:40:03.668 [http-nio-auto-1-exec-4] INFO  c.l.p.service.OrquestacionService - [Paso 5/6] Asignando transporte para pedido 10
2026-06-15 21:40:03.668 [http-nio-auto-1-exec-4] INFO  c.l.pedidos.service.TransporteClient - Asignando transporte para pedido 10 en transporte-service
2026-06-15 21:40:03.697 [http-nio-auto-1-exec-4] INFO  c.l.p.service.OrquestacionService - Transporte asignado exitosamente (ID=20)
2026-06-15 21:40:03.697 [http-nio-auto-1-exec-4] INFO  c.l.p.service.OrquestacionService - [Paso 6/6] Enviando notificacion para pedido 10
2026-06-15 21:40:03.697 [http-nio-auto-1-exec-4] INFO  c.l.p.service.NotificacionesClient - Enviando notificacion a Cliente Procesado desde notificaciones-service
2026-06-15 21:40:03.722 [http-nio-auto-1-exec-4] INFO  c.l.p.service.OrquestacionService - Notificacion enviada exitosamente (ID=30)
2026-06-15 21:40:03.722 [http-nio-auto-1-exec-4] INFO  c.l.p.service.OrquestacionService - === PEDIDO 10 PROCESADO (Estado: PROCESADO) ===
]]></system-out>
  </testcase>
  <testcase name="obtenerPorId_ShouldReturn200" classname="com.logifresh.pedidos.controller.PedidoControllerIntegrationTest" time="0.101"/>
  <testcase name="procesar_StockInsuficiente_ShouldReturn400" classname="com.logifresh.pedidos.controller.PedidoControllerIntegrationTest" time="0.059">
    <system-out><![CDATA[2026-06-15 21:40:03.871 [http-nio-auto-1-exec-3] INFO  c.l.p.service.OrquestacionService - === INICIO PROCESAMIENTO PEDIDO ===
2026-06-15 21:40:03.872 [http-nio-auto-1-exec-3] INFO  c.l.p.service.OrquestacionService - Cliente: Sin Stock SA, Producto: 1, Cantidad: 50
2026-06-15 21:40:03.872 [http-nio-auto-1-exec-3] INFO  c.l.p.service.OrquestacionService - [Paso 1/6] Consultando inventario para producto 1
2026-06-15 21:40:03.882 [http-nio-auto-1-exec-3] ERROR c.l.p.service.OrquestacionService - Stock insuficiente para producto 1. Disponible: 5, solicitado: 50
]]></system-out>
  </testcase>
</testsuite>